
10:26:38.618 [info] Application logger started at :nonode@nohost

10:26:38.619 [info] Application xp_mime started at :nonode@nohost

10:26:38.619 [info] Application xp_hpax started at :nonode@nohost

10:26:38.619 [info] Application crypto started at :nonode@nohost

10:26:38.619 [info] Application asn1 started at :nonode@nohost

10:26:38.619 [info] Application public_key started at :nonode@nohost

10:26:38.620 [debug] Child :ssl_handler of Supervisor :logger_sup started
Pid: #PID<0.105.0>
Start Call: :logger_olp.start_link(:logger_std_h_ssl_handler, :logger_h_common, %{id: :ssl_handler, module: :logger_std_h, config: %{type: :standard_io, filesync_repeat_interval: :no_repeat}, level: :debug, filters: [], filter_default: :stop, formatter: {:ssl_logger, %{}}}, %{})
Restart: :temporary
Shutdown: 2000
Type: :worker

10:26:38.621 [info] Child :ssl_pem_cache of Supervisor :ssl_admin_sup started
Pid: #PID<0.109.0>
Start Call: :ssl_pem_cache.start_link([])
Restart: :permanent
Shutdown: 4000
Type: :worker

10:26:38.622 [info] Child :ssl_manager of Supervisor :ssl_admin_sup started
Pid: #PID<0.110.0>
Start Call: :ssl_manager.start_link([])
Restart: :permanent
Shutdown: 4000
Type: :worker

10:26:38.623 [info] Child :tls_client_ticket_store of Supervisor :ssl_admin_sup started
Pid: #PID<0.111.0>
Start Call: :tls_client_ticket_store.start_link(1000, 7200)
Restart: :permanent
Shutdown: 4000
Type: :worker

10:26:38.623 [info] Child :ssl_admin_sup of Supervisor :ssl_sup started
Pid: #PID<0.108.0>
Start Call: :ssl_admin_sup.start_link()
Restart: :permanent
Shutdown: 4000
Type: :supervisor

10:26:38.624 [info] Child :tls_connection_sup of Supervisor :tls_sup started
Pid: #PID<0.114.0>
Start Call: :tls_connection_sup.start_link()
Restart: :permanent
Shutdown: 4000
Type: :supervisor

10:26:38.624 [info] Child :ssl_listen_tracker_sup of Supervisor :tls_server_sup started
Pid: #PID<0.116.0>
Start Call: :ssl_listen_tracker_sup.start_link()
Restart: :permanent
Shutdown: 4000
Type: :supervisor

10:26:38.624 [info] Child :tls_server_session_ticket of Supervisor :tls_server_sup started
Pid: #PID<0.117.0>
Start Call: :tls_server_session_ticket_sup.start_link()
Restart: :permanent
Shutdown: 4000
Type: :supervisor

10:26:38.625 [info] Child :ssl_server_session_cache_sup of Supervisor :tls_server_sup started
Pid: #PID<0.118.0>
Start Call: :ssl_server_session_cache_sup.start_link()
Restart: :permanent
Shutdown: 4000
Type: :supervisor

10:26:38.625 [info] Child :ssl_upgrade_server_session_cache_sup of Supervisor :tls_server_sup started
Pid: #PID<0.119.0>
Start Call: :ssl_upgrade_server_session_cache_sup.start_link()
Restart: :permanent
Shutdown: 4000
Type: :supervisor

10:26:38.625 [info] Child :tls_server_sup of Supervisor :tls_sup started
Pid: #PID<0.115.0>
Start Call: :tls_server_sup.start_link()
Restart: :permanent
Shutdown: 4000
Type: :supervisor

10:26:38.625 [info] Child :tls_sup of Supervisor :ssl_connection_sup started
Pid: #PID<0.113.0>
Start Call: :tls_sup.start_link()
Restart: :permanent
Shutdown: 4000
Type: :supervisor

10:26:38.625 [info] Child :dtls_connection_sup of Supervisor :dtls_sup started
Pid: #PID<0.121.0>
Start Call: :dtls_connection_sup.start_link()
Restart: :permanent
Shutdown: 4000
Type: :supervisor

10:26:38.626 [info] Child :dtls_listener_sup of Supervisor :dtls_server_sup started
Pid: #PID<0.123.0>
Start Call: :dtls_listener_sup.start_link()
Restart: :permanent
Shutdown: 4000
Type: :supervisor

10:26:38.626 [info] Child :dtls_server_session_cache_sup of Supervisor :dtls_server_sup started
Pid: #PID<0.124.0>
Start Call: :dtls_server_session_cache_sup.start_link()
Restart: :permanent
Shutdown: 4000
Type: :supervisor

10:26:38.626 [info] Child :dtls_server_sup of Supervisor :dtls_sup started
Pid: #PID<0.122.0>
Start Call: :dtls_server_sup.start_link()
Restart: :permanent
Shutdown: 4000
Type: :supervisor

10:26:38.626 [info] Child :dtls_sup of Supervisor :ssl_connection_sup started
Pid: #PID<0.120.0>
Start Call: :dtls_sup.start_link()
Restart: :permanent
Shutdown: 4000
Type: :supervisor

10:26:38.626 [info] Child :ssl_connection_sup of Supervisor :ssl_sup started
Pid: #PID<0.112.0>
Start Call: :ssl_connection_sup.start_link()
Restart: :permanent
Shutdown: 4000
Type: :supervisor

10:26:38.626 [info] Application ssl started at :nonode@nohost

10:26:38.627 [info] Application xp_mint started at :nonode@nohost

10:26:38.627 [info] Application xp_nimble_options started at :nonode@nohost

10:26:38.628 [info] Child XPNimblePool.TaskSupervisor of Supervisor #PID<0.130.0> (Supervisor.Default) started
Pid: #PID<0.131.0>
Start Call: Task.Supervisor.start_link([name: XPNimblePool.TaskSupervisor])
Restart: :permanent
Shutdown: :infinity
Type: :supervisor

10:26:38.628 [info] Application xp_nimble_pool started at :nonode@nohost

10:26:38.629 [info] Child :telemetry_handler_table of Supervisor :telemetry_sup started
Pid: #PID<0.135.0>
Start Call: :telemetry_handler_table.start_link()
Restart: :permanent
Shutdown: 5000
Type: :worker

10:26:38.629 [info] Application xp_telemetry started at :nonode@nohost

10:26:38.629 [info] Application xp_finch started at :nonode@nohost

10:26:38.637 [info] Child XPReq.Finch.PIDPartition0 of Supervisor XPReq.Finch started
Pid: #PID<0.141.0>
Start Call: Registry.Partition.start_link(XPReq.Finch.PIDPartition0, {:duplicate, XPReq.Finch, 0, 1, XPReq.Finch.KeyPartition0, XPReq.Finch.PIDPartition0, [], false})
Restart: :permanent
Shutdown: 5000
Type: :worker

10:26:38.637 [info] Child XPReq.Finch of Supervisor XPReq.Finch.Supervisor started
Pid: #PID<0.140.0>
Start Call: Registry.start_link([keys: :duplicate, name: XPReq.Finch, meta: [config: %{pools: %{}, registry_name: XPReq.Finch, supervisor_name: XPReq.Finch.PoolSupervisor, manager_name: XPReq.Finch.PoolManager, default_pool_config: %{count: 1, size: 50, mod: XPFinch.HTTP1.Pool, conn_opts: [protocols: [:http1], transport_opts: [keepalive: true, nodelay: true, timeout: 5000], ssl_key_log_file_device: nil], pool_max_idle_time: :infinity, conn_max_idle_time: :infinity, start_pool_metrics?: false}}]])
Restart: :permanent
Shutdown: :infinity
Type: :supervisor

10:26:38.637 [info] Child XPReq.Finch.PoolSupervisor of Supervisor XPReq.Finch.Supervisor started
Pid: #PID<0.142.0>
Start Call: DynamicSupervisor.start_link([name: XPReq.Finch.PoolSupervisor, strategy: :one_for_one])
Restart: :permanent
Shutdown: :infinity
Type: :supervisor

10:26:38.637 [info] Child XPFinch.PoolManager of Supervisor XPReq.Finch.Supervisor started
Pid: #PID<0.143.0>
Start Call: XPFinch.PoolManager.start_link(%{pools: %{}, registry_name: XPReq.Finch, supervisor_name: XPReq.Finch.PoolSupervisor, manager_name: XPReq.Finch.PoolManager, default_pool_config: %{count: 1, size: 50, mod: XPFinch.HTTP1.Pool, conn_opts: [protocols: [:http1], transport_opts: [keepalive: true, nodelay: true, timeout: 5000], ssl_key_log_file_device: nil], pool_max_idle_time: :infinity, conn_max_idle_time: :infinity, start_pool_metrics?: false}})
Restart: :permanent
Shutdown: 5000
Type: :worker

10:26:38.637 [info] Child XPReq.Finch of Supervisor #PID<0.138.0> (Supervisor.Default) started
Pid: #PID<0.139.0>
Start Call: XPFinch.start_link([name: XPReq.Finch, pools: %{default: [protocols: [:http1]]}])
Restart: :permanent
Shutdown: 5000
Type: :worker

10:26:38.637 [info] Child XPReq.FinchSupervisor of Supervisor #PID<0.138.0> (Supervisor.Default) started
Pid: #PID<0.144.0>
Start Call: DynamicSupervisor.start_link([strategy: :one_for_one, name: XPReq.FinchSupervisor])
Restart: :permanent
Shutdown: :infinity
Type: :supervisor

10:26:38.638 [info] Child XPReq.Test.Ownership of Supervisor #PID<0.138.0> (Supervisor.Default) started
Pid: #PID<0.145.0>
Start Call: XPReq.Test.Ownership.start_link([name: XPReq.Test.Ownership])
Restart: :permanent
Shutdown: 5000
Type: :worker

10:26:38.638 [info] Application xp_req started at :nonode@nohost

10:26:38.638 [info] Application burrito started at :nonode@nohost

10:26:38.639 [info] Child XPBriefly.Entry of Supervisor XPBriefly.Supervisor started
Pid: #PID<0.149.0>
Start Call: XPBriefly.Entry.start_link([])
Restart: :permanent
Shutdown: 5000
Type: :worker

10:26:38.639 [info] Application xp_briefly started at :nonode@nohost

10:26:38.639 [info] Application xp_schematic started at :nonode@nohost

10:26:38.639 [info] Application xp_typed_struct started at :nonode@nohost

10:26:38.639 [info] Application xp_gen_lsp started at :nonode@nohost

10:26:38.639 [info] Application xp_sourceror started at :nonode@nohost

10:26:38.639 [info] Application xp_spitfire started at :nonode@nohost

10:26:38.639 [info] Application xp_forge started at :nonode@nohost

10:26:38.643 [info] Child :ttb_autostart of Supervisor :runtime_tools_sup started
Pid: #PID<0.153.0>
Start Call: :ttb_autostart.start_link()
Restart: :temporary
Shutdown: 3000
Type: :worker

10:26:38.643 [info] Application runtime_tools started at :nonode@nohost

10:26:38.644 [info] Application et started at :nonode@nohost

10:26:38.644 [info] Application observer started at :nonode@nohost

10:26:38.644 [info] Application xp_path_glob started at :nonode@nohost

10:26:38.646 instance_id=19CF2891F34 [info] Expert v0.1.0-rc.6-ca020a9 starting on stdio

10:26:38.649 instance_id=19CF2891F34 [info] Starting NodePortMapper on nonode@nohost

10:26:38.650 instance_id=19CF2891F34 [info] Child XPForge.NodePortMapper of Supervisor XPExpert.Supervisor started
Pid: #PID<0.158.0>
Start Call: XPForge.NodePortMapper.start_link([])
Restart: :permanent
Shutdown: 5000
Type: :worker

10:26:38.651 instance_id=19CF2891F34 [info] Child XPForge.Document.Store of Supervisor XPExpert.Supervisor started
Pid: #PID<0.159.0>
Start Call: XPForge.Document.Store.start_link([derive: [analysis: &XPForge.Ast.analyze/1]])
Restart: :permanent
Shutdown: 5000
Type: :worker

10:26:38.651 instance_id=19CF2891F34 [info] Child XPExpert.ProjectSupervisor of Supervisor XPExpert.Supervisor started
Pid: #PID<0.160.0>
Start Call: DynamicSupervisor.start_link([name: XPExpert.ProjectSupervisor, strategy: :one_for_one])
Restart: :permanent
Shutdown: :infinity
Type: :supervisor

10:26:38.651 instance_id=19CF2891F34 [info] Child XPExpert.DynamicSupervisor of Supervisor XPExpert.Supervisor started
Pid: #PID<0.161.0>
Start Call: DynamicSupervisor.start_link([name: XPExpert.DynamicSupervisor])
Restart: :permanent
Shutdown: :infinity
Type: :supervisor

10:26:38.651 instance_id=19CF2891F34 [info] Child XPGenLSP.Assigns of Supervisor XPExpert.Supervisor started
Pid: #PID<0.162.0>
Start Call: XPGenLSP.Assigns.start_link([name: XPExpert.Assigns])
Restart: :permanent
Shutdown: 5000
Type: :worker

10:26:38.652 instance_id=19CF2891F34 [info] Child :expert_task_queue of Supervisor XPExpert.Supervisor started
Pid: #PID<0.163.0>
Start Call: Task.Supervisor.start_link([name: :expert_task_queue])
Restart: :permanent
Shutdown: :infinity
Type: :supervisor

10:26:38.652 instance_id=19CF2891F34 [info] Child XPGenLSP.Buffer of Supervisor XPExpert.Supervisor started
Pid: #PID<0.164.0>
Start Call: XPGenLSP.Buffer.start_link([name: XPExpert.Buffer])
Restart: :permanent
Shutdown: 5000
Type: :worker

10:26:38.652 instance_id=19CF2891F34 [info] Child XPExpert.ActiveProjects of Supervisor XPExpert.Supervisor started
Pid: #PID<0.165.0>
Start Call: XPExpert.ActiveProjects.start_link()
Restart: :permanent
Shutdown: 5000
Type: :worker

10:26:38.652 instance_id=19CF2891F34 [debug] [name: XPExpert, buffer: XPExpert.Buffer, task_supervisor: :expert_task_queue, dynamic_supervisor: XPExpert.DynamicSupervisor, assigns: XPExpert.Assigns]

10:26:38.656 instance_id=19CF2891F34 [info] Child XPExpert of Supervisor XPExpert.Supervisor started
Pid: #PID<0.166.0>
Start Call: XPExpert.start_link([name: XPExpert, buffer: XPExpert.Buffer, task_supervisor: :expert_task_queue, dynamic_supervisor: XPExpert.DynamicSupervisor, assigns: XPExpert.Assigns])
Restart: :permanent
Shutdown: 500
Type: :worker

10:26:38.657 instance_id=19CF2891F34 [info] Application xp_expert started at :nonode@nohost

10:26:38.705 instance_id=19CF2891F34 [debug] handled request client -> server initialize in 44ms

10:26:38.708 instance_id=19CF2891F34 [debug] sent notification server -> client window/logMessage

10:26:38.708 instance_id=19CF2891F34 [info] Server initialized, registering capabilities

10:26:38.709 instance_id=19CF2891F34 [debug] sent request server -> client client/registerCapability

10:26:38.716 instance_id=19CF2891F34 [debug] sent notification server -> client window/logMessage

10:26:38.716 instance_id=19CF2891F34 [info] Starting project

10:26:38.716 instance_id=19CF2891F34 [debug] handled notification client -> server initialized in 9ms

10:26:38.720 instance_id=19CF2891F34 [info] Child {XPExpert.EngineSupervisor, "pro_gen::7345769"} of Supervisor :"pro_gen::7345769::supervisor" started
Pid: #PID<0.172.0>
Start Call: XPExpert.EngineSupervisor.start_link(%XPForge.Project{root_uri: "file:///home/aleak/src/pro_gen", mix_exs_uri: "file:///home/aleak/src/pro_gen/mix.exs", mix_project?: true, mix_env: nil, mix_target: nil, env_variables: %{}, project_module: nil, entropy: 44395})
Restart: :permanent
Shutdown: 5000
Type: :worker

10:26:38.721 instance_id=19CF2891F34 [debug] sent request server -> client window/workDoneProgress/create

10:26:38.722 instance_id=19CF2891F34 [debug] sent notification server -> client window/logMessage

10:26:38.722 instance_id=19CF2891F34 [info] Opened file:///home/aleak/src/pro_gen/bin/greet

10:26:38.722 instance_id=19CF2891F34 [debug] handled notification client -> server textDocument/didOpen in 5ms

10:26:38.723 instance_id=19CF2891F34 [debug] sent notification server -> client $/progress

10:26:38.728 instance_id=19CF2891F34 [info] Child XPForge.EPMD of Supervisor :net_sup started
Pid: #PID<0.175.0>
Start Call: XPForge.EPMD.start_link()
Restart: :permanent
Shutdown: 2000
Type: :worker

10:26:38.729 instance_id=19CF2891F34 [info] Child :auth of Supervisor :net_sup started
Pid: #PID<0.176.0>
Start Call: :auth.start_link()
Restart: :permanent
Shutdown: 2000
Type: :worker

10:26:38.730 instance_id=19CF2891F34 [info] Child :net_kernel of Supervisor :net_sup started
Pid: #PID<0.177.0>
Start Call: :net_kernel.start_link(%{name: :"expert-manager-pro_gen-44395@127.0.0.1", supervisor: :net_sup_dynamic, net_tickintensity: 4, net_ticktime: 60, name_domain: :longnames, clean_halt: false})
Restart: :permanent
Shutdown: 2000
Type: :worker

10:26:38.730 instance_id=19CF2891F34 [debug] Child :net_sup_dynamic of Supervisor :kernel_sup started
Pid: #PID<0.174.0>
Start Call: :erl_distribution.start_link(%{name: :"expert-manager-pro_gen-44395@127.0.0.1", supervisor: :net_sup_dynamic, net_tickintensity: 4, net_ticktime: 60, name_domain: :longnames, clean_halt: false})
Restart: :permanent
Shutdown: 1000
Type: :supervisor

10:26:38.731 instance_id=19CF2891F34 [debug] sent request server -> client window/workDoneProgress/create

10:26:38.732 instance_id=19CF2891F34 [debug] sent notification server -> client $/progress

10:26:39.197 instance_id=19CF2891F34 [debug] sent notification server -> client window/logMessage

10:26:39.197 instance_id=19CF2891F34 [info] Using path: /home/aleak/.local/share/.burrito/expert_erts-15.2.7_0.1.0-rc.6-ca020a9/erts-15.2.7/bin:/home/aleak/.local/share/.burrito/expert_erts-15.2.7_0.1.0-rc.6-ca020a9/bin:/home/aleak/.local/share/nvim/PRO/mason/bin:/home/aleak/.opencode/bin:/home/aleak/.asdf/shims:/home/aleak/.local/bin:/home/aleak/util/code_util/bin/nvidia:/home/aleak/.bun/bin:/home/aleak/src/pro_gen/bin:/home/linuxbrew/.linuxbrew/bin:/home/linuxbrew/.linuxbrew/sbin:/home/aleak/util/base_util/bin:/home/aleak/util/code_util/bin:/home/aleak/util/deck_util/bin:/home/aleak/util/edit_util/bin:/usr/local/sbin:/usr/local/bin:/usr/sbin:/usr/bin:/sbin:/bin:/snap/bin:/home/aleak/.bin:/home/aleak/.local/bin:/home/aleak/var/data/bin/x86_64:/home/aleak/dks/bin::/usr/local/cuda-12.6/bin:/home/aleak/.fzf/bin:/home/aleak/.npm-global/bin:./node_modules/.bin:/home/aleak/.mix/escripts:/home/aleak/.go/bin:/home/aleak/.cargo/bin

10:26:39.197 instance_id=19CF2891F34 [debug] sent notification server -> client window/logMessage

10:26:39.197 instance_id=19CF2891F34 [info] Found elixir executable at /home/aleak/.asdf/shims/elixir

10:26:39.197 instance_id=19CF2891F34 [debug] sent notification server -> client window/logMessage

10:26:39.197 instance_id=19CF2891F34 [info] Found erl executable at /home/aleak/.asdf/shims/erl

10:26:39.198 instance_id=19CF2891F34 [debug] sent notification server -> client window/logMessage

10:26:39.198 instance_id=19CF2891F34 [info] Preparing engine

10:26:40.352 instance_id=19CF2891F34 [debug] Engine build output: Namespacing 12 files:

10:26:40.353 instance_id=19CF2891F34 [debug] Engine build output: New: 4

10:26:40.353 instance_id=19CF2891F34 [debug] Engine build output: Changed: 8

10:26:40.353 instance_id=19CF2891F34 [debug] Engine build output: Deleted: 4

10:26:40.353 instance_id=19CF2891F34 [debug] Engine build output: 

10:26:40.356 instance_id=19CF2891F34 [debug] Engine build output: Rewriting 0 app files

10:26:40.357 instance_id=19CF2891F34 [debug] Engine build output: Rewriting .beam files

10:26:40.357 instance_id=19CF2891F34 [debug] Engine build output: Found 0 protocols

10:26:40.357 instance_id=19CF2891F34 [debug] Engine build output: Found 0 app beam files

10:26:40.357 instance_id=19CF2891F34 [debug] Engine build output: Finished namespacing .beam files

10:26:40.358 instance_id=19CF2891F34 [debug] Engine build output: Rewriting 0 scripts

10:26:40.360 instance_id=19CF2891F34 [debug] Engine build output: Rebuilding 0 boot files

10:26:40.361 instance_id=19CF2891F34 [debug] Engine build output: Rewriting 0 config scripts.

10:26:40.366 instance_id=19CF2891F34 [debug] sent notification server -> client window/logMessage

10:26:40.366 instance_id=19CF2891F34 [info] Engine available at: /home/aleak/.cache/expert/0.1.0-rc.6-ca020a9/ex-1.19.5-erl-16.2.1/fY3QEwiFE1zkI58gpCuLXQ/_build/dev_ns

10:26:40.388 instance_id=19CF2891F34 [debug] sent notification server -> client window/logMessage

10:26:40.388 instance_id=19CF2891F34 [info] ebin paths:
["/home/aleak/.cache/expert/0.1.0-rc.6-ca020a9/ex-1.19.5-erl-16.2.1/fY3QEwiFE1zkI58gpCuLXQ/_build/dev_ns/lib/patch/ebin",
 "/home/aleak/.cache/expert/0.1.0-rc.6-ca020a9/ex-1.19.5-erl-16.2.1/fY3QEwiFE1zkI58gpCuLXQ/_build/dev_ns/lib/xp_briefly/ebin",
 "/home/aleak/.cache/expert/0.1.0-rc.6-ca020a9/ex-1.19.5-erl-16.2.1/fY3QEwiFE1zkI58gpCuLXQ/_build/dev_ns/lib/xp_bunt/ebin",
 "/home/aleak/.cache/expert/0.1.0-rc.6-ca020a9/ex-1.19.5-erl-16.2.1/fY3QEwiFE1zkI58gpCuLXQ/_build/dev_ns/lib/xp_credo/ebin",
 "/home/aleak/.cache/expert/0.1.0-rc.6-ca020a9/ex-1.19.5-erl-16.2.1/fY3QEwiFE1zkI58gpCuLXQ/_build/dev_ns/lib/xp_deps_nix/ebin",
 "/home/aleak/.cache/expert/0.1.0-rc.6-ca020a9/ex-1.19.5-erl-16.2.1/fY3QEwiFE1zkI58gpCuLXQ/_build/dev_ns/lib/xp_elixir_sense/ebin",
 "/home/aleak/.cache/expert/0.1.0-rc.6-ca020a9/ex-1.19.5-erl-16.2.1/fY3QEwiFE1zkI58gpCuLXQ/_build/dev_ns/lib/xp_engine/ebin",
 "/home/aleak/.cache/expert/0.1.0-rc.6-ca020a9/ex-1.19.5-erl-16.2.1/fY3QEwiFE1zkI58gpCuLXQ/_build/dev_ns/lib/xp_file_system/ebin",
 "/home/aleak/.cache/expert/0.1.0-rc.6-ca020a9/ex-1.19.5-erl-16.2.1/fY3QEwiFE1zkI58gpCuLXQ/_build/dev_ns/lib/xp_forge/ebin",
 "/home/aleak/.cache/expert/0.1.0-rc.6-ca020a9/ex-1.19.5-erl-16.2.1/fY3QEwiFE1zkI58gpCuLXQ/_build/dev_ns/lib/xp_gen_lsp/ebin",
 "/home/aleak/.cache/expert/0.1.0-rc.6-ca020a9/ex-1.19.5-erl-16.2.1/fY3QEwiFE1zkI58gpCuLXQ/_build/dev_ns/lib/xp_hpax/ebin",
 "/home/aleak/.cache/expert/0.1.0-rc.6-ca020a9/ex-1.19.5-erl-16.2.1/fY3QEwiFE1zkI58gpCuLXQ/_build/dev_ns/lib/xp_jason/ebin",
 "/home/aleak/.cache/expert/0.1.0-rc.6-ca020a9/ex-1.19.5-erl-16.2.1/fY3QEwiFE1zkI58gpCuLXQ/_build/dev_ns/lib/xp_mint/ebin",
 "/home/aleak/.cache/expert/0.1.0-rc.6-ca020a9/ex-1.19.5-erl-16.2.1/fY3QEwiFE1zkI58gpCuLXQ/_build/dev_ns/lib/xp_nimble_options/ebin",
 "/home/aleak/.cache/expert/0.1.0-rc.6-ca020a9/ex-1.19.5-erl-16.2.1/fY3QEwiFE1zkI58gpCuLXQ/_build/dev_ns/lib/xp_nimble_parsec/ebin",
 "/home/aleak/.cache/expert/0.1.0-rc.6-ca020a9/ex-1.19.5-erl-16.2.1/fY3QEwiFE1zkI58gpCuLXQ/_build/dev_ns/lib/xp_path_glob/ebin",
 "/home/aleak/.cache/expert/0.1.0-rc.6-ca020a9/ex-1.19.5-erl-16.2.1/fY3QEwiFE1zkI58gpCuLXQ/_build/dev_ns/lib/xp_refactorex/ebin",
 "/home/aleak/.cache/expert/0.1.0-rc.6-ca020a9/ex-1.19.5-erl-16.2.1/fY3QEwiFE1zkI58gpCuLXQ/_build/dev_ns/lib/xp_schematic/ebin",
 "/home/aleak/.cache/expert/0.1.0-rc.6-ca020a9/ex-1.19.5-erl-16.2.1/fY3QEwiFE1zkI58gpCuLXQ/_build/dev_ns/lib/xp_sourceror/ebin",
 "/home/aleak/.cache/expert/0.1.0-rc.6-ca020a9/ex-1.19.5-erl-16.2.1/fY3QEwiFE1zkI58gpCuLXQ/_build/dev_ns/lib/xp_spitfire/ebin",
 "/home/aleak/.cache/expert/0.1.0-rc.6-ca020a9/ex-1.19.5-erl-16.2.1/fY3QEwiFE1zkI58gpCuLXQ/_build/dev_ns/lib/xp_telemetry/ebin",
 "/home/aleak/.cache/expert/0.1.0-rc.6-ca020a9/ex-1.19.5-erl-16.2.1/fY3QEwiFE1zkI58gpCuLXQ/_build/dev_ns/lib/xp_typed_struct/ebin"]

10:26:40.409 instance_id=19CF2891F34 [debug] sent notification server -> client $/progress

10:26:40.410 instance_id=19CF2891F34 [debug] sent notification server -> client $/progress

10:27:12.710 [info] Application logger started at :nonode@nohost

10:27:12.710 [info] Application xp_mime started at :nonode@nohost

10:27:12.710 [info] Application xp_hpax started at :nonode@nohost

10:27:12.710 [info] Application crypto started at :nonode@nohost

10:27:12.710 [info] Application asn1 started at :nonode@nohost

10:27:12.710 [info] Application public_key started at :nonode@nohost

10:27:12.712 [debug] Child :ssl_handler of Supervisor :logger_sup started
Pid: #PID<0.105.0>
Start Call: :logger_olp.start_link(:logger_std_h_ssl_handler, :logger_h_common, %{id: :ssl_handler, module: :logger_std_h, config: %{type: :standard_io, filesync_repeat_interval: :no_repeat}, level: :debug, filter_default: :stop, filters: [], formatter: {:ssl_logger, %{}}}, %{})
Restart: :temporary
Shutdown: 2000
Type: :worker

10:27:12.714 [info] Child :ssl_pem_cache of Supervisor :ssl_admin_sup started
Pid: #PID<0.109.0>
Start Call: :ssl_pem_cache.start_link([])
Restart: :permanent
Shutdown: 4000
Type: :worker

10:27:12.715 [info] Child :ssl_manager of Supervisor :ssl_admin_sup started
Pid: #PID<0.110.0>
Start Call: :ssl_manager.start_link([])
Restart: :permanent
Shutdown: 4000
Type: :worker

10:27:12.716 [info] Child :tls_client_ticket_store of Supervisor :ssl_admin_sup started
Pid: #PID<0.111.0>
Start Call: :tls_client_ticket_store.start_link(1000, 7200)
Restart: :permanent
Shutdown: 4000
Type: :worker

10:27:12.716 [info] Child :ssl_admin_sup of Supervisor :ssl_sup started
Pid: #PID<0.108.0>
Start Call: :ssl_admin_sup.start_link()
Restart: :permanent
Shutdown: 4000
Type: :supervisor

10:27:12.717 [info] Child :tls_connection_sup of Supervisor :tls_sup started
Pid: #PID<0.114.0>
Start Call: :tls_connection_sup.start_link()
Restart: :permanent
Shutdown: 4000
Type: :supervisor

10:27:12.718 [info] Child :ssl_listen_tracker_sup of Supervisor :tls_server_sup started
Pid: #PID<0.116.0>
Start Call: :ssl_listen_tracker_sup.start_link()
Restart: :permanent
Shutdown: 4000
Type: :supervisor

10:27:12.718 [info] Child :tls_server_session_ticket of Supervisor :tls_server_sup started
Pid: #PID<0.117.0>
Start Call: :tls_server_session_ticket_sup.start_link()
Restart: :permanent
Shutdown: 4000
Type: :supervisor

10:27:12.718 [info] Child :ssl_server_session_cache_sup of Supervisor :tls_server_sup started
Pid: #PID<0.118.0>
Start Call: :ssl_server_session_cache_sup.start_link()
Restart: :permanent
Shutdown: 4000
Type: :supervisor

10:27:12.719 [info] Child :ssl_upgrade_server_session_cache_sup of Supervisor :tls_server_sup started
Pid: #PID<0.119.0>
Start Call: :ssl_upgrade_server_session_cache_sup.start_link()
Restart: :permanent
Shutdown: 4000
Type: :supervisor

10:27:12.719 [info] Child :tls_server_sup of Supervisor :tls_sup started
Pid: #PID<0.115.0>
Start Call: :tls_server_sup.start_link()
Restart: :permanent
Shutdown: 4000
Type: :supervisor

10:27:12.719 [info] Child :tls_sup of Supervisor :ssl_connection_sup started
Pid: #PID<0.113.0>
Start Call: :tls_sup.start_link()
Restart: :permanent
Shutdown: 4000
Type: :supervisor

10:27:12.719 [info] Child :dtls_connection_sup of Supervisor :dtls_sup started
Pid: #PID<0.121.0>
Start Call: :dtls_connection_sup.start_link()
Restart: :permanent
Shutdown: 4000
Type: :supervisor

10:27:12.720 [info] Child :dtls_listener_sup of Supervisor :dtls_server_sup started
Pid: #PID<0.123.0>
Start Call: :dtls_listener_sup.start_link()
Restart: :permanent
Shutdown: 4000
Type: :supervisor

10:27:12.721 [info] Child :dtls_server_session_cache_sup of Supervisor :dtls_server_sup started
Pid: #PID<0.124.0>
Start Call: :dtls_server_session_cache_sup.start_link()
Restart: :permanent
Shutdown: 4000
Type: :supervisor

10:27:12.721 [info] Child :dtls_server_sup of Supervisor :dtls_sup started
Pid: #PID<0.122.0>
Start Call: :dtls_server_sup.start_link()
Restart: :permanent
Shutdown: 4000
Type: :supervisor

10:27:12.721 [info] Child :dtls_sup of Supervisor :ssl_connection_sup started
Pid: #PID<0.120.0>
Start Call: :dtls_sup.start_link()
Restart: :permanent
Shutdown: 4000
Type: :supervisor

10:27:12.721 [info] Child :ssl_connection_sup of Supervisor :ssl_sup started
Pid: #PID<0.112.0>
Start Call: :ssl_connection_sup.start_link()
Restart: :permanent
Shutdown: 4000
Type: :supervisor

10:27:12.721 [info] Application ssl started at :nonode@nohost

10:27:12.721 [info] Application xp_mint started at :nonode@nohost

10:27:12.721 [info] Application xp_nimble_options started at :nonode@nohost

10:27:12.724 [info] Child XPNimblePool.TaskSupervisor of Supervisor #PID<0.130.0> (Supervisor.Default) started
Pid: #PID<0.131.0>
Start Call: Task.Supervisor.start_link([name: XPNimblePool.TaskSupervisor])
Restart: :permanent
Shutdown: :infinity
Type: :supervisor

10:27:12.724 [info] Application xp_nimble_pool started at :nonode@nohost

10:27:12.725 [info] Child :telemetry_handler_table of Supervisor :telemetry_sup started
Pid: #PID<0.135.0>
Start Call: :telemetry_handler_table.start_link()
Restart: :permanent
Shutdown: 5000
Type: :worker

10:27:12.725 [info] Application xp_telemetry started at :nonode@nohost

10:27:12.725 [info] Application xp_finch started at :nonode@nohost

10:27:12.733 [info] Child XPReq.Finch.PIDPartition0 of Supervisor XPReq.Finch started
Pid: #PID<0.141.0>
Start Call: Registry.Partition.start_link(XPReq.Finch.PIDPartition0, {:duplicate, XPReq.Finch, 0, 1, XPReq.Finch.KeyPartition0, XPReq.Finch.PIDPartition0, [], false})
Restart: :permanent
Shutdown: 5000
Type: :worker

10:27:12.733 [info] Child XPReq.Finch of Supervisor XPReq.Finch.Supervisor started
Pid: #PID<0.140.0>
Start Call: Registry.start_link([keys: :duplicate, name: XPReq.Finch, meta: [config: %{pools: %{}, registry_name: XPReq.Finch, supervisor_name: XPReq.Finch.PoolSupervisor, manager_name: XPReq.Finch.PoolManager, default_pool_config: %{count: 1, size: 50, mod: XPFinch.HTTP1.Pool, conn_opts: [protocols: [:http1], transport_opts: [keepalive: true, nodelay: true, timeout: 5000], ssl_key_log_file_device: nil], pool_max_idle_time: :infinity, conn_max_idle_time: :infinity, start_pool_metrics?: false}}]])
Restart: :permanent
Shutdown: :infinity
Type: :supervisor

10:27:12.733 [info] Child XPReq.Finch.PoolSupervisor of Supervisor XPReq.Finch.Supervisor started
Pid: #PID<0.142.0>
Start Call: DynamicSupervisor.start_link([name: XPReq.Finch.PoolSupervisor, strategy: :one_for_one])
Restart: :permanent
Shutdown: :infinity
Type: :supervisor

10:27:12.733 [info] Child XPFinch.PoolManager of Supervisor XPReq.Finch.Supervisor started
Pid: #PID<0.143.0>
Start Call: XPFinch.PoolManager.start_link(%{pools: %{}, registry_name: XPReq.Finch, supervisor_name: XPReq.Finch.PoolSupervisor, manager_name: XPReq.Finch.PoolManager, default_pool_config: %{count: 1, size: 50, mod: XPFinch.HTTP1.Pool, conn_opts: [protocols: [:http1], transport_opts: [keepalive: true, nodelay: true, timeout: 5000], ssl_key_log_file_device: nil], pool_max_idle_time: :infinity, conn_max_idle_time: :infinity, start_pool_metrics?: false}})
Restart: :permanent
Shutdown: 5000
Type: :worker

10:27:12.733 [info] Child XPReq.Finch of Supervisor #PID<0.138.0> (Supervisor.Default) started
Pid: #PID<0.139.0>
Start Call: XPFinch.start_link([name: XPReq.Finch, pools: %{default: [protocols: [:http1]]}])
Restart: :permanent
Shutdown: 5000
Type: :worker

10:27:12.733 [info] Child XPReq.FinchSupervisor of Supervisor #PID<0.138.0> (Supervisor.Default) started
Pid: #PID<0.144.0>
Start Call: DynamicSupervisor.start_link([strategy: :one_for_one, name: XPReq.FinchSupervisor])
Restart: :permanent
Shutdown: :infinity
Type: :supervisor

10:27:12.733 [info] Child XPReq.Test.Ownership of Supervisor #PID<0.138.0> (Supervisor.Default) started
Pid: #PID<0.145.0>
Start Call: XPReq.Test.Ownership.start_link([name: XPReq.Test.Ownership])
Restart: :permanent
Shutdown: 5000
Type: :worker

10:27:12.733 [info] Application xp_req started at :nonode@nohost

10:27:12.733 [info] Application burrito started at :nonode@nohost

10:27:12.735 [info] Child XPBriefly.Entry of Supervisor XPBriefly.Supervisor started
Pid: #PID<0.149.0>
Start Call: XPBriefly.Entry.start_link([])
Restart: :permanent
Shutdown: 5000
Type: :worker

10:27:12.735 [info] Application xp_briefly started at :nonode@nohost

10:27:12.735 [info] Application xp_schematic started at :nonode@nohost

10:27:12.735 [info] Application xp_typed_struct started at :nonode@nohost

10:27:12.735 [info] Application xp_gen_lsp started at :nonode@nohost

10:27:12.735 [info] Application xp_sourceror started at :nonode@nohost

10:27:12.735 [info] Application xp_spitfire started at :nonode@nohost

10:27:12.735 [info] Application xp_forge started at :nonode@nohost

10:27:12.739 [info] Child :ttb_autostart of Supervisor :runtime_tools_sup started
Pid: #PID<0.153.0>
Start Call: :ttb_autostart.start_link()
Restart: :temporary
Shutdown: 3000
Type: :worker

10:27:12.739 [info] Application runtime_tools started at :nonode@nohost

10:27:12.739 [info] Application et started at :nonode@nohost

10:27:12.739 [info] Application observer started at :nonode@nohost

10:27:12.739 [info] Application xp_path_glob started at :nonode@nohost

10:27:12.741 instance_id=19CF289A464 [info] Expert v0.1.0-rc.6-ca020a9 starting on stdio

10:27:12.744 instance_id=19CF289A464 [info] Starting NodePortMapper on nonode@nohost

10:27:12.745 instance_id=19CF289A464 [info] Child XPForge.NodePortMapper of Supervisor XPExpert.Supervisor started
Pid: #PID<0.158.0>
Start Call: XPForge.NodePortMapper.start_link([])
Restart: :permanent
Shutdown: 5000
Type: :worker

10:27:12.746 instance_id=19CF289A464 [info] Child XPForge.Document.Store of Supervisor XPExpert.Supervisor started
Pid: #PID<0.159.0>
Start Call: XPForge.Document.Store.start_link([derive: [analysis: &XPForge.Ast.analyze/1]])
Restart: :permanent
Shutdown: 5000
Type: :worker

10:27:12.746 instance_id=19CF289A464 [info] Child XPExpert.ProjectSupervisor of Supervisor XPExpert.Supervisor started
Pid: #PID<0.160.0>
Start Call: DynamicSupervisor.start_link([name: XPExpert.ProjectSupervisor, strategy: :one_for_one])
Restart: :permanent
Shutdown: :infinity
Type: :supervisor

10:27:12.746 instance_id=19CF289A464 [info] Child XPExpert.DynamicSupervisor of Supervisor XPExpert.Supervisor started
Pid: #PID<0.161.0>
Start Call: DynamicSupervisor.start_link([name: XPExpert.DynamicSupervisor])
Restart: :permanent
Shutdown: :infinity
Type: :supervisor

10:27:12.746 instance_id=19CF289A464 [info] Child XPGenLSP.Assigns of Supervisor XPExpert.Supervisor started
Pid: #PID<0.162.0>
Start Call: XPGenLSP.Assigns.start_link([name: XPExpert.Assigns])
Restart: :permanent
Shutdown: 5000
Type: :worker

10:27:12.747 instance_id=19CF289A464 [info] Child :expert_task_queue of Supervisor XPExpert.Supervisor started
Pid: #PID<0.163.0>
Start Call: Task.Supervisor.start_link([name: :expert_task_queue])
Restart: :permanent
Shutdown: :infinity
Type: :supervisor

10:27:12.747 instance_id=19CF289A464 [info] Child XPGenLSP.Buffer of Supervisor XPExpert.Supervisor started
Pid: #PID<0.164.0>
Start Call: XPGenLSP.Buffer.start_link([name: XPExpert.Buffer])
Restart: :permanent
Shutdown: 5000
Type: :worker

10:27:12.747 instance_id=19CF289A464 [info] Child XPExpert.ActiveProjects of Supervisor XPExpert.Supervisor started
Pid: #PID<0.165.0>
Start Call: XPExpert.ActiveProjects.start_link()
Restart: :permanent
Shutdown: 5000
Type: :worker

10:27:12.747 instance_id=19CF289A464 [debug] [name: XPExpert, buffer: XPExpert.Buffer, task_supervisor: :expert_task_queue, dynamic_supervisor: XPExpert.DynamicSupervisor, assigns: XPExpert.Assigns]

10:27:12.751 instance_id=19CF289A464 [info] Child XPExpert of Supervisor XPExpert.Supervisor started
Pid: #PID<0.166.0>
Start Call: XPExpert.start_link([name: XPExpert, buffer: XPExpert.Buffer, task_supervisor: :expert_task_queue, dynamic_supervisor: XPExpert.DynamicSupervisor, assigns: XPExpert.Assigns])
Restart: :permanent
Shutdown: 500
Type: :worker

10:27:12.751 instance_id=19CF289A464 [info] Application xp_expert started at :nonode@nohost

10:27:12.799 instance_id=19CF289A464 [debug] handled request client -> server initialize in 43ms

10:27:12.801 instance_id=19CF289A464 [debug] sent notification server -> client window/logMessage

10:27:12.801 instance_id=19CF289A464 [info] Server initialized, registering capabilities

10:27:12.802 instance_id=19CF289A464 [debug] sent request server -> client client/registerCapability

10:27:12.810 instance_id=19CF289A464 [debug] sent notification server -> client window/logMessage

10:27:12.810 instance_id=19CF289A464 [info] Starting project

10:27:12.810 instance_id=19CF289A464 [debug] handled notification client -> server initialized in 10ms

10:27:12.814 instance_id=19CF289A464 [info] Child {XPExpert.EngineSupervisor, "pro_gen::7345769"} of Supervisor :"pro_gen::7345769::supervisor" started
Pid: #PID<0.172.0>
Start Call: XPExpert.EngineSupervisor.start_link(%XPForge.Project{root_uri: "file:///home/aleak/src/pro_gen", mix_exs_uri: "file:///home/aleak/src/pro_gen/mix.exs", mix_project?: true, mix_env: nil, mix_target: nil, env_variables: %{}, project_module: nil, entropy: 25685})
Restart: :permanent
Shutdown: 5000
Type: :worker

10:27:12.815 instance_id=19CF289A464 [debug] sent request server -> client window/workDoneProgress/create

10:27:12.815 instance_id=19CF289A464 [debug] sent notification server -> client window/logMessage

10:27:12.815 instance_id=19CF289A464 [info] Opened file:///home/aleak/src/pro_gen/bin/gen_pg1

10:27:12.815 instance_id=19CF289A464 [debug] handled notification client -> server textDocument/didOpen in 4ms

10:27:12.816 instance_id=19CF289A464 [debug] sent notification server -> client $/progress

10:27:12.819 instance_id=19CF289A464 [info] Child XPForge.EPMD of Supervisor :net_sup started
Pid: #PID<0.175.0>
Start Call: XPForge.EPMD.start_link()
Restart: :permanent
Shutdown: 2000
Type: :worker

10:27:12.819 instance_id=19CF289A464 [info] Child :auth of Supervisor :net_sup started
Pid: #PID<0.176.0>
Start Call: :auth.start_link()
Restart: :permanent
Shutdown: 2000
Type: :worker

10:27:12.821 instance_id=19CF289A464 [info] Child :net_kernel of Supervisor :net_sup started
Pid: #PID<0.177.0>
Start Call: :net_kernel.start_link(%{name: :"expert-manager-pro_gen-25685@127.0.0.1", supervisor: :net_sup_dynamic, net_tickintensity: 4, net_ticktime: 60, name_domain: :longnames, clean_halt: false})
Restart: :permanent
Shutdown: 2000
Type: :worker

10:27:12.821 instance_id=19CF289A464 [debug] Child :net_sup_dynamic of Supervisor :kernel_sup started
Pid: #PID<0.174.0>
Start Call: :erl_distribution.start_link(%{name: :"expert-manager-pro_gen-25685@127.0.0.1", supervisor: :net_sup_dynamic, net_tickintensity: 4, net_ticktime: 60, name_domain: :longnames, clean_halt: false})
Restart: :permanent
Shutdown: 1000
Type: :supervisor

10:27:12.822 instance_id=19CF289A464 [debug] sent request server -> client window/workDoneProgress/create

10:27:12.822 instance_id=19CF289A464 [debug] sent notification server -> client $/progress

10:27:13.252 instance_id=19CF289A464 [debug] sent notification server -> client window/logMessage

10:27:13.252 instance_id=19CF289A464 [info] Using path: /home/aleak/.local/share/.burrito/expert_erts-15.2.7_0.1.0-rc.6-ca020a9/erts-15.2.7/bin:/home/aleak/.local/share/.burrito/expert_erts-15.2.7_0.1.0-rc.6-ca020a9/bin:/home/aleak/.local/share/nvim/PRO/mason/bin:/home/aleak/.opencode/bin:/home/aleak/.asdf/shims:/home/aleak/.local/bin:/home/aleak/util/code_util/bin/nvidia:/home/aleak/.bun/bin:/home/aleak/src/pro_gen/bin:/home/linuxbrew/.linuxbrew/bin:/home/linuxbrew/.linuxbrew/sbin:/home/aleak/util/base_util/bin:/home/aleak/util/code_util/bin:/home/aleak/util/deck_util/bin:/home/aleak/util/edit_util/bin:/usr/local/sbin:/usr/local/bin:/usr/sbin:/usr/bin:/sbin:/bin:/snap/bin:/home/aleak/.bin:/home/aleak/.local/bin:/home/aleak/var/data/bin/x86_64:/home/aleak/dks/bin::/usr/local/cuda-12.6/bin:/home/aleak/.fzf/bin:/home/aleak/.npm-global/bin:./node_modules/.bin:/home/aleak/.mix/escripts:/home/aleak/.go/bin:/home/aleak/.cargo/bin

10:27:13.253 instance_id=19CF289A464 [debug] sent notification server -> client window/logMessage

10:27:13.253 instance_id=19CF289A464 [info] Found elixir executable at /home/aleak/.asdf/shims/elixir

10:27:13.253 instance_id=19CF289A464 [debug] sent notification server -> client window/logMessage

10:27:13.253 instance_id=19CF289A464 [info] Found erl executable at /home/aleak/.asdf/shims/erl

10:27:13.254 instance_id=19CF289A464 [debug] sent notification server -> client window/logMessage

10:27:13.254 instance_id=19CF289A464 [info] Preparing engine

10:27:14.441 instance_id=19CF289A464 [debug] Engine build output: Namespacing 12 files:

10:27:14.441 instance_id=19CF289A464 [debug] Engine build output: New: 4

10:27:14.441 instance_id=19CF289A464 [debug] Engine build output: Changed: 8

10:27:14.441 instance_id=19CF289A464 [debug] Engine build output: Deleted: 4

10:27:14.442 instance_id=19CF289A464 [debug] Engine build output: 

10:27:14.444 instance_id=19CF289A464 [debug] Engine build output: Rewriting 0 app files

10:27:14.445 instance_id=19CF289A464 [debug] Engine build output: Rewriting .beam files

10:27:14.445 instance_id=19CF289A464 [debug] Engine build output: Found 0 protocols

10:27:14.445 instance_id=19CF289A464 [debug] Engine build output: Found 0 app beam files

10:27:14.445 instance_id=19CF289A464 [debug] Engine build output: Finished namespacing .beam files

10:27:14.446 instance_id=19CF289A464 [debug] Engine build output: Rewriting 0 scripts

10:27:14.447 instance_id=19CF289A464 [debug] Engine build output: Rebuilding 0 boot files

10:27:14.447 instance_id=19CF289A464 [debug] Engine build output: Rewriting 0 config scripts.

10:27:14.451 instance_id=19CF289A464 [debug] sent notification server -> client window/logMessage

10:27:14.451 instance_id=19CF289A464 [info] Engine available at: /home/aleak/.cache/expert/0.1.0-rc.6-ca020a9/ex-1.19.5-erl-16.2.1/fY3QEwiFE1zkI58gpCuLXQ/_build/dev_ns

10:27:14.472 instance_id=19CF289A464 [debug] sent notification server -> client window/logMessage

10:27:14.472 instance_id=19CF289A464 [info] ebin paths:
["/home/aleak/.cache/expert/0.1.0-rc.6-ca020a9/ex-1.19.5-erl-16.2.1/fY3QEwiFE1zkI58gpCuLXQ/_build/dev_ns/lib/patch/ebin",
 "/home/aleak/.cache/expert/0.1.0-rc.6-ca020a9/ex-1.19.5-erl-16.2.1/fY3QEwiFE1zkI58gpCuLXQ/_build/dev_ns/lib/xp_briefly/ebin",
 "/home/aleak/.cache/expert/0.1.0-rc.6-ca020a9/ex-1.19.5-erl-16.2.1/fY3QEwiFE1zkI58gpCuLXQ/_build/dev_ns/lib/xp_bunt/ebin",
 "/home/aleak/.cache/expert/0.1.0-rc.6-ca020a9/ex-1.19.5-erl-16.2.1/fY3QEwiFE1zkI58gpCuLXQ/_build/dev_ns/lib/xp_credo/ebin",
 "/home/aleak/.cache/expert/0.1.0-rc.6-ca020a9/ex-1.19.5-erl-16.2.1/fY3QEwiFE1zkI58gpCuLXQ/_build/dev_ns/lib/xp_deps_nix/ebin",
 "/home/aleak/.cache/expert/0.1.0-rc.6-ca020a9/ex-1.19.5-erl-16.2.1/fY3QEwiFE1zkI58gpCuLXQ/_build/dev_ns/lib/xp_elixir_sense/ebin",
 "/home/aleak/.cache/expert/0.1.0-rc.6-ca020a9/ex-1.19.5-erl-16.2.1/fY3QEwiFE1zkI58gpCuLXQ/_build/dev_ns/lib/xp_engine/ebin",
 "/home/aleak/.cache/expert/0.1.0-rc.6-ca020a9/ex-1.19.5-erl-16.2.1/fY3QEwiFE1zkI58gpCuLXQ/_build/dev_ns/lib/xp_file_system/ebin",
 "/home/aleak/.cache/expert/0.1.0-rc.6-ca020a9/ex-1.19.5-erl-16.2.1/fY3QEwiFE1zkI58gpCuLXQ/_build/dev_ns/lib/xp_forge/ebin",
 "/home/aleak/.cache/expert/0.1.0-rc.6-ca020a9/ex-1.19.5-erl-16.2.1/fY3QEwiFE1zkI58gpCuLXQ/_build/dev_ns/lib/xp_gen_lsp/ebin",
 "/home/aleak/.cache/expert/0.1.0-rc.6-ca020a9/ex-1.19.5-erl-16.2.1/fY3QEwiFE1zkI58gpCuLXQ/_build/dev_ns/lib/xp_hpax/ebin",
 "/home/aleak/.cache/expert/0.1.0-rc.6-ca020a9/ex-1.19.5-erl-16.2.1/fY3QEwiFE1zkI58gpCuLXQ/_build/dev_ns/lib/xp_jason/ebin",
 "/home/aleak/.cache/expert/0.1.0-rc.6-ca020a9/ex-1.19.5-erl-16.2.1/fY3QEwiFE1zkI58gpCuLXQ/_build/dev_ns/lib/xp_mint/ebin",
 "/home/aleak/.cache/expert/0.1.0-rc.6-ca020a9/ex-1.19.5-erl-16.2.1/fY3QEwiFE1zkI58gpCuLXQ/_build/dev_ns/lib/xp_nimble_options/ebin",
 "/home/aleak/.cache/expert/0.1.0-rc.6-ca020a9/ex-1.19.5-erl-16.2.1/fY3QEwiFE1zkI58gpCuLXQ/_build/dev_ns/lib/xp_nimble_parsec/ebin",
 "/home/aleak/.cache/expert/0.1.0-rc.6-ca020a9/ex-1.19.5-erl-16.2.1/fY3QEwiFE1zkI58gpCuLXQ/_build/dev_ns/lib/xp_path_glob/ebin",
 "/home/aleak/.cache/expert/0.1.0-rc.6-ca020a9/ex-1.19.5-erl-16.2.1/fY3QEwiFE1zkI58gpCuLXQ/_build/dev_ns/lib/xp_refactorex/ebin",
 "/home/aleak/.cache/expert/0.1.0-rc.6-ca020a9/ex-1.19.5-erl-16.2.1/fY3QEwiFE1zkI58gpCuLXQ/_build/dev_ns/lib/xp_schematic/ebin",
 "/home/aleak/.cache/expert/0.1.0-rc.6-ca020a9/ex-1.19.5-erl-16.2.1/fY3QEwiFE1zkI58gpCuLXQ/_build/dev_ns/lib/xp_sourceror/ebin",
 "/home/aleak/.cache/expert/0.1.0-rc.6-ca020a9/ex-1.19.5-erl-16.2.1/fY3QEwiFE1zkI58gpCuLXQ/_build/dev_ns/lib/xp_spitfire/ebin",
 "/home/aleak/.cache/expert/0.1.0-rc.6-ca020a9/ex-1.19.5-erl-16.2.1/fY3QEwiFE1zkI58gpCuLXQ/_build/dev_ns/lib/xp_telemetry/ebin",
 "/home/aleak/.cache/expert/0.1.0-rc.6-ca020a9/ex-1.19.5-erl-16.2.1/fY3QEwiFE1zkI58gpCuLXQ/_build/dev_ns/lib/xp_typed_struct/ebin"]

10:27:14.492 instance_id=19CF289A464 [debug] sent notification server -> client $/progress

10:27:14.493 instance_id=19CF289A464 [debug] sent notification server -> client $/progress

10:27:14.975 instance_id=19CF289A464 [debug] sent notification server -> client $/progress

10:27:14.977 instance_id=19CF289A464 [debug] Node port message: ok


10:27:15.179 instance_id=19CF289A464 [debug] Node port message: 
10:27:15.168 [notice] Application mix exited: :stopped


10:27:15.198 instance_id=19CF289A464 [debug] Node port message:     warning: redefining module ProGen.MixProject (current version defined in memory)
    │
  1 │ defmodule ProGen.MixProject do
    │ ~~~~~~~~~~~~~~~~~~~~~~~~~~~~~~
    │
    └─ /home/aleak/src/pro_gen/mix.exs:1: ProGen.MixProject (module)



10:27:15.208 instance_id=19CF289A464 [debug] sent notification server -> client $/progress

10:27:15.208 instance_id=19CF289A464 [debug] sent notification server -> client $/progress

10:27:15.214 instance_id=19CF289A464 [debug] sent notification server -> client $/progress

10:27:15.330 instance_id=19CF289A464 [debug] sent notification server -> client $/progress

10:27:15.331 instance_id=19CF289A464 [debug] sent notification server -> client $/progress

10:27:15.331 instance_id=19CF289A464 [debug] sent notification server -> client $/progress

10:27:15.331 instance_id=19CF289A464 [debug] sent notification server -> client $/progress

10:27:15.332 instance_id=19CF289A464 [debug] sent notification server -> client $/progress

10:27:15.332 instance_id=19CF289A464 [debug] sent notification server -> client $/progress

10:27:15.332 instance_id=19CF289A464 [debug] sent notification server -> client $/progress

10:27:15.332 instance_id=19CF289A464 [debug] sent notification server -> client $/progress

10:27:15.332 instance_id=19CF289A464 [debug] sent notification server -> client $/progress

10:27:15.332 instance_id=19CF289A464 [debug] sent notification server -> client $/progress

10:27:15.333 instance_id=19CF289A464 [debug] sent notification server -> client $/progress

10:27:15.333 instance_id=19CF289A464 [debug] sent notification server -> client $/progress

10:27:15.333 instance_id=19CF289A464 [debug] sent notification server -> client $/progress

10:27:15.333 instance_id=19CF289A464 [debug] sent notification server -> client $/progress

10:27:15.333 instance_id=19CF289A464 [debug] sent notification server -> client $/progress

10:27:15.333 instance_id=19CF289A464 [debug] sent notification server -> client $/progress

10:27:15.334 instance_id=19CF289A464 [debug] sent notification server -> client $/progress

10:27:15.334 instance_id=19CF289A464 [debug] sent notification server -> client $/progress

10:27:15.334 instance_id=19CF289A464 [debug] sent notification server -> client $/progress

10:27:15.335 instance_id=19CF289A464 [debug] sent notification server -> client $/progress

10:27:15.335 instance_id=19CF289A464 [info] Child {XPExpert.Project.Node, "pro_gen::7345769"} of Supervisor :"pro_gen::7345769::supervisor" started
Pid: #PID<0.173.0>
Start Call: XPExpert.Project.Node.start_link(%XPForge.Project{root_uri: "file:///home/aleak/src/pro_gen", mix_exs_uri: "file:///home/aleak/src/pro_gen/mix.exs", mix_project?: true, mix_env: nil, mix_target: nil, env_variables: %{}, project_module: nil, entropy: 25685})
Restart: :permanent
Shutdown: 5000
Type: :worker

10:27:15.337 instance_id=19CF289A464 [info] Child {XPExpert.Project.Diagnostics, "pro_gen::7345769"} of Supervisor :"pro_gen::7345769::supervisor" started
Pid: #PID<0.207.0>
Start Call: XPExpert.Project.Diagnostics.start_link(%XPForge.Project{root_uri: "file:///home/aleak/src/pro_gen", mix_exs_uri: "file:///home/aleak/src/pro_gen/mix.exs", mix_project?: true, mix_env: nil, mix_target: nil, env_variables: %{}, project_module: nil, entropy: 25685})
Restart: :permanent
Shutdown: 5000
Type: :worker

10:27:15.338 instance_id=19CF289A464 [info] Child {XPExpert.Project.Intelligence, "pro_gen::7345769"} of Supervisor :"pro_gen::7345769::supervisor" started
Pid: #PID<0.208.0>
Start Call: XPExpert.Project.Intelligence.start_link(%XPForge.Project{root_uri: "file:///home/aleak/src/pro_gen", mix_exs_uri: "file:///home/aleak/src/pro_gen/mix.exs", mix_project?: true, mix_env: nil, mix_target: nil, env_variables: %{}, project_module: nil, entropy: 25685})
Restart: :permanent
Shutdown: 5000
Type: :worker

10:27:15.339 instance_id=19CF289A464 [info] Child XPExpert.Project.SearchListener of Supervisor :"pro_gen::7345769::supervisor" started
Pid: #PID<0.209.0>
Start Call: XPExpert.Project.SearchListener.start_link(%XPForge.Project{root_uri: "file:///home/aleak/src/pro_gen", mix_exs_uri: "file:///home/aleak/src/pro_gen/mix.exs", mix_project?: true, mix_env: nil, mix_target: nil, env_variables: %{}, project_module: nil, entropy: 25685})
Restart: :permanent
Shutdown: 5000
Type: :worker

10:27:15.339 instance_id=19CF289A464 [debug] sent notification server -> client window/logMessage

10:27:15.339 instance_id=19CF289A464 [info] Started project node for pro_gen

10:27:15.340 instance_id=19CF289A464 [debug] sent notification server -> client window/logMessage

10:27:15.340 instance_id=19CF289A464 [info] Engine initialized for project pro_gen

10:27:15.398 instance_id=19CF289A464 [debug] Node port message: 
10:27:15.398 [info] Building ProGen


10:27:15.400 instance_id=19CF289A464 [debug] Node port message: 
10:27:15.399 [debug] sent request server -> client window/workDoneProgress/create


10:27:15.401 instance_id=19CF289A464 [debug] Node port message: 
10:27:15.400 [debug] sent notification server -> client $/progress


10:27:15.417 instance_id=19CF289A464 [debug] Node port message: 
10:27:15.416 [debug] sent notification server -> client $/progress


10:27:15.424 instance_id=19CF289A464 [debug] Node port message: 
10:27:15.424 [debug] sent notification server -> client $/progress


10:27:15.427 instance_id=19CF289A464 [debug] Node port message: 
10:27:15.427 [debug] sent notification server -> client $/progress


10:27:16.205 instance_id=19CF289A464 [debug] Node port message: Resolving Hex dependencies...


10:27:16.249 instance_id=19CF289A464 [debug] Node port message: Resolution completed in 0.041s


10:27:16.254 instance_id=19CF289A464 [debug] Node port message: Unchanged:
  earmark_parser 1.4.44
  ex_doc 0.40.1
  finch 0.21.0
  glob_ex 0.1.11
  hpax 1.0.3
  igniter 0.7.3
  jason 1.4.4
  makeup 1.2.1


10:27:16.254 instance_id=19CF289A464 [debug] Node port message:   makeup_elixir 1.0.1
  makeup_erlang 1.0.3
  mime 2.0.7
  mint 1.7.1
  nimble_options 1.1.1
  nimble_parsec 1.4.2
  nimble_pool 1.1.0


10:27:16.254 instance_id=19CF289A464 [debug] Node port message:   optimus 0.6.1
  owl 0.13.0
  req 0.5.17
  rewrite 1.2.0


10:27:16.254 instance_id=19CF289A464 [debug] Node port message:   sourceror 1.11.0
  spitfire 0.3.10
  telemetry 1.3.0
  text_diff 0.1.0


10:27:16.254 instance_id=19CF289A464 [debug] Node port message:   usage_rules 1.2.4


10:27:16.269 instance_id=19CF289A464 [debug] Node port message: All dependencies have been fetched


10:27:16.289 instance_id=19CF289A464 [debug] Node port message: 
10:27:16.288 [debug] sent notification server -> client $/progress


10:27:16.298 instance_id=19CF289A464 [debug] Node port message: 
10:27:16.297 [debug] sent notification server -> client $/progress


10:27:16.302 instance_id=19CF289A464 [debug] Node port message: 
10:27:16.302 [info] Loaded []


10:27:16.303 instance_id=19CF289A464 [debug] Node port message: 
10:27:16.302 [debug] sent notification server -> client $/progress


10:27:16.441 instance_id=19CF289A464 [debug] Node port message: 
10:27:16.441 [info] Compile completed with status noop Produced 0 diagnostics []


10:27:16.447 instance_id=19CF289A464 [debug] Node port message: 
10:27:16.446 [debug] sent notification server -> client $/progress


10:27:16.451 instance_id=19CF289A464 [debug] sent notification server -> client window/logMessage

10:27:16.451 instance_id=19CF289A464 [info] Compiled pro_gen in 1.1 seconds

10:27:16.455 instance_id=19CF289A464 [debug] Node port message: 
10:27:16.455 [info] Plugins found 0 results in 0.014 ms


10:27:16.465 instance_id=19CF289A464 [debug] Node port message: 
10:27:16.465 [debug] sent request server -> client window/workDoneProgress/create


10:27:16.465 instance_id=19CF289A464 [debug] Node port message: 
10:27:16.465 [debug] sent notification server -> client $/progress


10:27:16.571 instance_id=19CF289A464 [debug] Node port message: 
10:27:16.571 [notice] disk_log: repairing ~c"/home/aleak/src/pro_gen/.expert/indexes/ets/28.3.2/1.19.5/3/updates.wal" ...



10:27:16.572 instance_id=19CF289A464 [debug] Node port message: 
10:27:16.571 [debug] sent notification server -> client $/progress


10:27:18.754 instance_id=19CF289A464 [debug] Node port message: 
10:27:18.754 [info] backend reports stale


10:27:18.803 instance_id=19CF289A464 [debug] Node port message: 
10:27:18.803 [debug] sent request server -> client window/workDoneProgress/create


10:27:18.804 instance_id=19CF289A464 [debug] Node port message: 
10:27:18.804 [debug] sent notification server -> client $/progress


10:27:18.806 instance_id=19CF289A464 [debug] Node port message: 
10:27:18.805 [debug] sent notification server -> client $/progress


10:27:18.848 instance_id=19CF289A464 [debug] Node port message: 
10:27:18.848 [warning] can't infer lang ID for /home/aleak/src/pro_gen/bin/greet, ext: .


10:27:18.906 instance_id=19CF289A464 [debug] Node port message: 
10:27:18.904 [debug] sent notification server -> client $/progress


10:28:36.415 instance_id=19CF289A464 [debug] handled notification client -> server textDocument/didChange in 14ms

10:28:36.488 instance_id=19CF289A464 [debug] Node port message: 
10:28:36.488 [info] Plugins found 0 results in 0.016 ms


10:28:36.499 instance_id=19CF289A464 [debug] sent notification server -> client textDocument/publishDiagnostics

10:28:38.617 instance_id=19CF289A464 [debug] handled notification client -> server textDocument/didChange in 2ms

10:28:38.641 instance_id=19CF289A464 [debug] sent notification server -> client window/logMessage

10:28:38.641 instance_id=19CF289A464 [info] Emitting Completions: []

10:28:38.644 instance_id=19CF289A464 [debug] handled request client -> server textDocument/completion in 22ms

10:28:38.685 instance_id=19CF289A464 [debug] Node port message: 
10:28:38.685 [info] Plugins found 0 results in 0.012 ms


10:28:38.686 instance_id=19CF289A464 [debug] sent notification server -> client textDocument/publishDiagnostics

10:28:40.225 instance_id=19CF289A464 [debug] handled notification client -> server textDocument/didSave in 5ms

10:28:40.278 instance_id=19CF289A464 [debug] Node port message: 
10:28:40.277 [info] Building ProGen


10:28:40.279 instance_id=19CF289A464 [debug] Node port message: 
10:28:40.278 [debug] sent request server -> client window/workDoneProgress/create


10:28:40.280 instance_id=19CF289A464 [debug] Node port message: 
10:28:40.279 [debug] sent notification server -> client $/progress


10:28:40.280 instance_id=19CF289A464 [debug] Node port message: 
10:28:40.280 [debug] sent notification server -> client $/progress


10:28:40.366 instance_id=19CF289A464 [debug] Node port message: 
10:28:40.365 [info] Compile completed with status noop Produced 0 diagnostics []

10:28:40.366 [info] Plugins found 0 results in 0.008 ms

10:28:40.366 [debug] sent notification server -> client $/progress


10:28:40.366 instance_id=19CF289A464 [debug] sent notification server -> client window/logMessage

10:28:40.366 instance_id=19CF289A464 [info] Compiled pro_gen in 89 ms

10:28:40.366 instance_id=19CF289A464 [debug] sent notification server -> client textDocument/publishDiagnostics
